This file contains any messages produced by compilers while
running configure, to aid debugging if configure makes a mistake.

It was created by RcppArmadillo configure 0.12.8.0.0, which was
generated by GNU Autoconf 2.71.  Invocation command line was

  $ ./configure

## --------- ##
## Platform. ##
## --------- ##

hostname = air-ukasz.home
uname -m = arm64
uname -r = 23.0.0
uname -s = Darwin
uname -v = Darwin Kernel Version 23.0.0: Fri Sep 15 14:41:34 PDT 2023; root:xnu-10002.1.13~1/RELEASE_ARM64_T8103

/usr/bin/uname -p = arm
/bin/uname -X     = unknown

/bin/arch              = unknown
/usr/bin/arch -k       = unknown
/usr/convex/getsysinfo = unknown
/usr/bin/hostinfo      = Mach kernel version:
	 Darwin Kernel Version 23.0.0: Fri Sep 15 14:41:34 PDT 2023; root:xnu-10002.1.13~1/RELEASE_ARM64_T8103
Kernel configured for up to 8 processors.
8 processors are physically available.
8 processors are logically available.
Processor type: arm64e (ARM64E)
Processors active: 0 1 2 3 4 5 6 7
Primary memory available: 8.00 gigabytes
Default processor set: 376 tasks, 2841 threads, 8 processors
Load average: 3.01, Mach factor: 4.99
/bin/machine           = unknown
/usr/bin/oslevel       = unknown
/bin/universe          = unknown

PATH: /opt/homebrew/bin/
PATH: /opt/homebrew/bin/
PATH: /opt/homebrew/sbin/
PATH: /usr/local/bin/
PATH: /System/Cryptexes/App/usr/bin/
PATH: /usr/bin/
PATH: /bin/
PATH: /usr/sbin/
PATH: /sbin/
PATH: /var/run/com.apple.security.cryptexd/codex.system/bootstrap/usr/local/bin/
PATH: /var/run/com.apple.security.cryptexd/codex.system/bootstrap/usr/bin/
PATH: /var/run/com.apple.security.cryptexd/codex.system/bootstrap/usr/appleinternal/bin/
PATH: /Library/TeX/texbin/
PATH: /Users/lukaszchrostowski/Applications/quarto/bin/
PATH: /usr/texbin/
PATH: /Applications/RStudio.app/Contents/Resources/app/quarto/bin/
PATH: /Applications/RStudio.app/Contents/Resources/app/bin/postback/


## ----------- ##
## Core tests. ##
## ----------- ##

configure:2191: checking for C++ compiler version
configure:2200: clang++ -arch arm64 -std=gnu++17 --version >&5
Apple clang version 15.0.0 (clang-1500.0.40.1)
Target: arm64-apple-darwin23.0.0
Thread model: posix
InstalledDir: /Library/Developer/CommandLineTools/usr/bin
configure:2211: $? = 0
configure:2200: clang++ -arch arm64 -std=gnu++17 -v >&5
Apple clang version 15.0.0 (clang-1500.0.40.1)
Target: arm64-apple-darwin23.0.0
Thread model: posix
InstalledDir: /Library/Developer/CommandLineTools/usr/bin
configure:2211: $? = 0
configure:2200: clang++ -arch arm64 -std=gnu++17 -V >&5
clang: error: argument to '-V' is missing (expected 1 value)
clang: error: no input files
configure:2211: $? = 1
configure:2200: clang++ -arch arm64 -std=gnu++17 -qversion >&5
clang: error: unknown argument '-qversion'; did you mean '--version'?
clang: error: no input files
configure:2211: $? = 1
configure:2231: checking whether the C++ compiler works
configure:2253: clang++ -arch arm64 -std=gnu++17 -falign-functions=64 -Wall -g -O2 -UNDEBUG -Wall -pedantic -g -O0 -fdiagnostics-color=always -I/opt/R/arm64/include -L/opt/R/arm64/lib conftest.cpp  >&5
configure:2257: $? = 0
configure:2307: result: yes
configure:2310: checking for C++ compiler default output file name
configure:2312: result: a.out
configure:2318: checking for suffix of executables
configure:2325: clang++ -arch arm64 -std=gnu++17 -o conftest -falign-functions=64 -Wall -g -O2 -UNDEBUG -Wall -pedantic -g -O0 -fdiagnostics-color=always -I/opt/R/arm64/include -L/opt/R/arm64/lib conftest.cpp  >&5
configure:2329: $? = 0
configure:2352: result: 
configure:2374: checking whether we are cross compiling
configure:2382: clang++ -arch arm64 -std=gnu++17 -o conftest -falign-functions=64 -Wall -g -O2 -UNDEBUG -Wall -pedantic -g -O0 -fdiagnostics-color=always -I/opt/R/arm64/include -L/opt/R/arm64/lib conftest.cpp  >&5
configure:2386: $? = 0
configure:2393: ./conftest
configure:2397: $? = 0
configure:2412: result: no
configure:2417: checking for suffix of object files
configure:2440: clang++ -arch arm64 -std=gnu++17 -c -falign-functions=64 -Wall -g -O2 -UNDEBUG -Wall -pedantic -g -O0 -fdiagnostics-color=always -I/opt/R/arm64/include conftest.cpp >&5
configure:2444: $? = 0
configure:2466: result: o
configure:2470: checking whether the compiler supports GNU C++
configure:2490: clang++ -arch arm64 -std=gnu++17 -c -falign-functions=64 -Wall -g -O2 -UNDEBUG -Wall -pedantic -g -O0 -fdiagnostics-color=always -I/opt/R/arm64/include conftest.cpp >&5
configure:2490: $? = 0
configure:2500: result: yes
configure:2511: checking whether clang++ -arch arm64 -std=gnu++17 accepts -g
configure:2532: clang++ -arch arm64 -std=gnu++17 -c -g -I/opt/R/arm64/include conftest.cpp >&5
configure:2532: $? = 0
configure:2576: result: yes
configure:2596: checking for clang++ -arch arm64 -std=gnu++17 option to enable C++11 features
configure:2611: clang++ -arch arm64 -std=gnu++17  -c -falign-functions=64 -Wall -g -O2 -UNDEBUG -Wall -pedantic -g -O0 -fdiagnostics-color=always -I/opt/R/arm64/include conftest.cpp >&5
[1mconftest.cpp:132:8: [0m[0;1;35mwarning: [0m[1munused variable 'a1' [-Wunused-variable][0m
  auto a1 = 6538;
[0;1;32m       ^
[0m[1mconftest.cpp:136:7: [0m[0;1;35mwarning: [0m[1mvariable 'total' set but not used [-Wunused-but-set-variable][0m
  int total = 0;
[0;1;32m      ^
[0m[1mconftest.cpp:139:16: [0m[0;1;35mwarning: [0m[1munused variable 'a4' [-Wunused-variable][0m
  decltype(a2) a4 = 34895.034;
[0;1;32m               ^
[0m[1mconftest.cpp:143:9: [0m[0;1;35mwarning: [0m[1munused variable 'sa' [-Wunused-variable][0m
  short sa[cxx11test::get_val()] = { 0 };
[0;1;32m        ^
[0m[1mconftest.cpp:147:23: [0m[0;1;35mwarning: [0m[1munused variable 'il' [-Wunused-variable][0m
  cxx11test::testinit il = { 4323, 435234.23544 };
[0;1;32m                      ^
[0m[1mconftest.cpp:168:8: [0m[0;1;35mwarning: [0m[1munused variable 'a' [-Wunused-variable][0m
  auto a = sum(1);
[0;1;32m       ^
[0m[1mconftest.cpp:169:8: [0m[0;1;35mwarning: [0m[1munused variable 'b' [-Wunused-variable][0m
  auto b = sum(1, 2);
[0;1;32m       ^
[0m[1mconftest.cpp:170:8: [0m[0;1;35mwarning: [0m[1munused variable 'c' [-Wunused-variable][0m
  auto c = sum(1.0, 2.0, 3.0);
[0;1;32m       ^
[0m[1mconftest.cpp:175:25: [0m[0;1;35mwarning: [0m[1mempty parentheses interpreted as a function declaration [-Wvexing-parse][0m
  cxx11test::delegate d2();
[0;1;32m                        ^~
[0m[1mconftest.cpp:175:25: [0m[0;1;30mnote: [0mremove parentheses to declare a variable[0m
  cxx11test::delegate d2();
[0;1;32m                        ^~
[0m[1mconftest.cpp:184:9: [0m[0;1;35mwarning: [0m[1munused variable 'c' [-Wunused-variable][0m
  char *c = nullptr;
[0;1;32m        ^
[0m[1mconftest.cpp:192:15: [0m[0;1;35mwarning: [0m[1munused variable 'utf8' [-Wunused-variable][0m
  char const *utf8 = u8"UTF-8 string \u2500";
[0;1;32m              ^
[0m[1mconftest.cpp:193:19: [0m[0;1;35mwarning: [0m[1munused variable 'utf16' [-Wunused-variable][0m
  char16_t const *utf16 = u"UTF-8 string \u2500";
[0;1;32m                  ^
[0m[1mconftest.cpp:194:19: [0m[0;1;35mwarning: [0m[1munused variable 'utf32' [-Wunused-variable][0m
  char32_t const *utf32 = U"UTF-32 string \u2500";
[0;1;32m                  ^
[0m[1mconftest.cpp:94:9: [0m[0;1;35mwarning: [0m[1mprivate field 'i' is not used [-Wunused-private-field][0m
    int i;
[0;1;32m        ^
[0m14 warnings generated.
configure:2611: $? = 0
configure:2629: result: none needed
configure:2699: checking how to run the C++ preprocessor
configure:2721: clang++ -arch arm64 -std=gnu++17 -E -I/opt/R/arm64/include conftest.cpp
configure:2721: $? = 0
configure:2736: clang++ -arch arm64 -std=gnu++17 -E -I/opt/R/arm64/include conftest.cpp
conftest.cpp:9:10: fatal error: 'ac_nonexistent.h' file not found
#include <ac_nonexistent.h>
         ^~~~~~~~~~~~~~~~~~
1 error generated.
configure:2736: $? = 1
configure: failed program was:
| /* confdefs.h */
| #define PACKAGE_NAME "RcppArmadillo"
| #define PACKAGE_TARNAME "rcpparmadillo"
| #define PACKAGE_VERSION "0.12.8.0.0"
| #define PACKAGE_STRING "RcppArmadillo 0.12.8.0.0"
| #define PACKAGE_BUGREPORT "edd@debian.org"
| #define PACKAGE_URL ""
| /* end confdefs.h.  */
| #include <ac_nonexistent.h>
configure:2763: result: clang++ -arch arm64 -std=gnu++17 -E
configure:2777: clang++ -arch arm64 -std=gnu++17 -E -I/opt/R/arm64/include conftest.cpp
configure:2777: $? = 0
configure:2792: clang++ -arch arm64 -std=gnu++17 -E -I/opt/R/arm64/include conftest.cpp
conftest.cpp:9:10: fatal error: 'ac_nonexistent.h' file not found
#include <ac_nonexistent.h>
         ^~~~~~~~~~~~~~~~~~
1 error generated.
configure:2792: $? = 1
configure: failed program was:
| /* confdefs.h */
| #define PACKAGE_NAME "RcppArmadillo"
| #define PACKAGE_TARNAME "rcpparmadillo"
| #define PACKAGE_VERSION "0.12.8.0.0"
| #define PACKAGE_STRING "RcppArmadillo 0.12.8.0.0"
| #define PACKAGE_BUGREPORT "edd@debian.org"
| #define PACKAGE_URL ""
| /* end confdefs.h.  */
| #include <ac_nonexistent.h>
configure:2946: checking for C++ compiler version
configure:2955: clang++ -arch arm64 -std=gnu++17 --version >&5
Apple clang version 15.0.0 (clang-1500.0.40.1)
Target: arm64-apple-darwin23.0.0
Thread model: posix
InstalledDir: /Library/Developer/CommandLineTools/usr/bin
configure:2966: $? = 0
configure:2955: clang++ -arch arm64 -std=gnu++17 -v >&5
Apple clang version 15.0.0 (clang-1500.0.40.1)
Target: arm64-apple-darwin23.0.0
Thread model: posix
InstalledDir: /Library/Developer/CommandLineTools/usr/bin
configure:2966: $? = 0
configure:2955: clang++ -arch arm64 -std=gnu++17 -V >&5
clang: error: argument to '-V' is missing (expected 1 value)
clang: error: no input files
configure:2966: $? = 1
configure:2955: clang++ -arch arm64 -std=gnu++17 -qversion >&5
clang: error: unknown argument '-qversion'; did you mean '--version'?
clang: error: no input files
configure:2966: $? = 1
configure:2970: checking whether the compiler supports GNU C++
configure:3000: result: yes
configure:3011: checking whether clang++ -arch arm64 -std=gnu++17 accepts -g
configure:3076: result: yes
configure:3096: checking for clang++ -arch arm64 -std=gnu++17 option to enable C++11 features
configure:3129: result: none needed
configure:3203: checking whether we have a suitable tempdir
configure:3206: result: /var/folders/yh/41pvj0v54_jfq6w138_b1z740000gn/T
configure:3210: checking whether R CMD SHLIB can already compile programs using OpenMP
configure:3234: result: no
configure:3250: checking whether g++ version is sufficient
configure:3274: result: almost
configure:3276: WARNING: Compiler self-identifies as being compliant with GNUC extensions but is not g++.
configure:3286: checking for macOS
configure:3291: result: found
configure:3293: checking for macOS Apple compiler
configure:3305: result: not found
configure:3307: checking for clang compiler
configure:3312: result: found
configure:3314: checking for OpenMP compatible version of clang
configure:3325: result: not found
configure:3327: WARNING: OpenMP unavailable and turned off.
configure:3347: checking LAPACK_LIBS
configure:3365: result: R-supplied partial LAPACK found
configure:3367: WARNING: Some complex-valued LAPACK functions may not be available
configure:3562: creating ./config.status

## ---------------------- ##
## Running config.status. ##
## ---------------------- ##

This file was extended by RcppArmadillo config.status 0.12.8.0.0, which was
generated by GNU Autoconf 2.71.  Invocation command line was

  CONFIG_FILES    = 
  CONFIG_HEADERS  = 
  CONFIG_LINKS    = 
  CONFIG_COMMANDS = 
  $ ./config.status 

on air-ukasz.home

config.status:704: error: cannot find input file: `inst/include/RcppArmadillo/config/RcppArmadilloConfigGenerated.h.in'

## ---------------- ##
## Cache variables. ##
## ---------------- ##

ac_cv_cxx_compiler_gnu=yes
ac_cv_env_CCC_set=
ac_cv_env_CCC_value=
ac_cv_env_CPPFLAGS_set=set
ac_cv_env_CPPFLAGS_value=-I/opt/R/arm64/include
ac_cv_env_CXXCPP_set=
ac_cv_env_CXXCPP_value=
ac_cv_env_CXXFLAGS_set=set
ac_cv_env_CXXFLAGS_value='-falign-functions=64 -Wall -g -O2 -UNDEBUG -Wall -pedantic -g -O0 -fdiagnostics-color=always'
ac_cv_env_CXX_set=set
ac_cv_env_CXX_value='clang++ -arch arm64 -std=gnu++17'
ac_cv_env_LDFLAGS_set=set
ac_cv_env_LDFLAGS_value=-L/opt/R/arm64/lib
ac_cv_env_LIBS_set=
ac_cv_env_LIBS_value=
ac_cv_env_build_alias_set=
ac_cv_env_build_alias_value=
ac_cv_env_host_alias_set=
ac_cv_env_host_alias_value=
ac_cv_env_target_alias_set=
ac_cv_env_target_alias_value=
ac_cv_objext=o
ac_cv_prog_CXXCPP='clang++ -arch arm64 -std=gnu++17 -E'
ac_cv_prog_cxx_cxx11=
ac_cv_prog_cxx_g=yes
ac_cv_prog_cxx_stdcxx=

## ----------------- ##
## Output variables. ##
## ----------------- ##

ARMA_HAVE_OPENMP='#define ARMA_DONT_USE_OPENMP 1'
ARMA_LAPACK='#define ARMA_CRIPPLED_LAPACK 1'
CPPFLAGS='-I/opt/R/arm64/include'
CXX='clang++ -arch arm64 -std=gnu++17'
CXXCPP='clang++ -arch arm64 -std=gnu++17 -E'
CXXFLAGS='-falign-functions=64 -Wall -g -O2 -UNDEBUG -Wall -pedantic -g -O0 -fdiagnostics-color=always'
DEFS='-DPACKAGE_NAME=\"RcppArmadillo\" -DPACKAGE_TARNAME=\"rcpparmadillo\" -DPACKAGE_VERSION=\"0.12.8.0.0\" -DPACKAGE_STRING=\"RcppArmadillo\ 0.12.8.0.0\" -DPACKAGE_BUGREPORT=\"edd@debian.org\" -DPACKAGE_URL=\"\"'
ECHO_C='\c'
ECHO_N=''
ECHO_T=''
EXEEXT=''
LDFLAGS='-L/opt/R/arm64/lib'
LIBOBJS=''
LIBS=''
LTLIBOBJS=''
OBJEXT='o'
OPENMP_FLAG=''
PACKAGE_BUGREPORT='edd@debian.org'
PACKAGE_NAME='RcppArmadillo'
PACKAGE_STRING='RcppArmadillo 0.12.8.0.0'
PACKAGE_TARNAME='rcpparmadillo'
PACKAGE_URL=''
PACKAGE_VERSION='0.12.8.0.0'
PATH_SEPARATOR=':'
SHELL='/bin/sh'
ac_ct_CXX=''
bindir='${exec_prefix}/bin'
build_alias=''
datadir='${datarootdir}'
datarootdir='${prefix}/share'
docdir='${datarootdir}/doc/${PACKAGE_TARNAME}'
dvidir='${docdir}'
exec_prefix='${prefix}'
host_alias=''
htmldir='${docdir}'
includedir='${prefix}/include'
infodir='${datarootdir}/info'
libdir='${exec_prefix}/lib'
libexecdir='${exec_prefix}/libexec'
localedir='${datarootdir}/locale'
localstatedir='${prefix}/var'
mandir='${datarootdir}/man'
oldincludedir='/usr/include'
pdfdir='${docdir}'
prefix='/usr/local'
program_transform_name='s,x,x,'
psdir='${docdir}'
runstatedir='${localstatedir}/run'
sbindir='${exec_prefix}/sbin'
sharedstatedir='${prefix}/com'
sysconfdir='${prefix}/etc'
target_alias=''

## ----------- ##
## confdefs.h. ##
## ----------- ##

/* confdefs.h */
#define PACKAGE_NAME "RcppArmadillo"
#define PACKAGE_TARNAME "rcpparmadillo"
#define PACKAGE_VERSION "0.12.8.0.0"
#define PACKAGE_STRING "RcppArmadillo 0.12.8.0.0"
#define PACKAGE_BUGREPORT "edd@debian.org"
#define PACKAGE_URL ""

configure: exit 1
